[DEBUG] 2021-12-09 23:58:29,417 django.request: Asynchronous middleware whitenoise.middleware.WhiteNoiseMiddleware adapted.
[WARNING] 2021-12-09 23:58:46,435 django.request: Not Found: /favicon.ico
[ERROR] 2021-12-10 00:03:51,431 django.request: Internal Server Error: /profile
Traceback (most recent call last):
  File "C:\Users\werkc\.virtualenvs\easyconnect-JWSqFyg0\lib\site-packages\django\template\base.py", line 470, in parse
    compile_func = self.tags[command]
KeyError: 'end'

During handling of the above exception, another exception occurred:

Traceback (most recent call last):
  File "C:\Users\werkc\.virtualenvs\easyconnect-JWSqFyg0\lib\site-packages\asgiref\sync.py", line 482, in thread_handler
    raise exc_info[1]
  File "C:\Users\werkc\.virtualenvs\easyconnect-JWSqFyg0\lib\site-packages\django\core\handlers\exception.py", line 38, in inner
    response = await get_response(request)
  File "C:\Users\werkc\.virtualenvs\easyconnect-JWSqFyg0\lib\site-packages\django\core\handlers\base.py", line 233, in _get_response_async
    response = await wrapped_callback(request, *callback_args, **callback_kwargs)
  File "C:\Users\werkc\.virtualenvs\easyconnect-JWSqFyg0\lib\site-packages\asgiref\sync.py", line 444, in __call__
    ret = await asyncio.wait_for(future, timeout=None)
  File "c:\users\werkc\appdata\local\programs\python\python39\lib\asyncio\tasks.py", line 440, in wait_for
    return await fut
  File "C:\Users\werkc\.virtualenvs\easyconnect-JWSqFyg0\lib\site-packages\asgiref\current_thread_executor.py", line 22, in run
    result = self.fn(*self.args, **self.kwargs)
  File "C:\Users\werkc\.virtualenvs\easyconnect-JWSqFyg0\lib\site-packages\asgiref\sync.py", line 486, in thread_handler
    return func(*args, **kwargs)
  File "C:\Users\werkc\Desktop\EasyConnect\EasyConnect\views.py", line 10, in ProfileView
    return render(request, 'profile.html', context)
  File "C:\Users\werkc\.virtualenvs\easyconnect-JWSqFyg0\lib\site-packages\django\shortcuts.py", line 19, in render
    content = loader.render_to_string(template_name, context, request, using=using)
  File "C:\Users\werkc\.virtualenvs\easyconnect-JWSqFyg0\lib\site-packages\django\template\loader.py", line 61, in render_to_string
    template = get_template(template_name, using=using)
  File "C:\Users\werkc\.virtualenvs\easyconnect-JWSqFyg0\lib\site-packages\django\template\loader.py", line 15, in get_template
    return engine.get_template(template_name)
  File "C:\Users\werkc\.virtualenvs\easyconnect-JWSqFyg0\lib\site-packages\django\template\backends\django.py", line 34, in get_template
    return Template(self.engine.get_template(template_name), self)
  File "C:\Users\werkc\.virtualenvs\easyconnect-JWSqFyg0\lib\site-packages\django\template\engine.py", line 143, in get_template
    template, origin = self.find_template(template_name)
  File "C:\Users\werkc\.virtualenvs\easyconnect-JWSqFyg0\lib\site-packages\django\template\engine.py", line 125, in find_template
    template = loader.get_template(name, skip=skip)
  File "C:\Users\werkc\.virtualenvs\easyconnect-JWSqFyg0\lib\site-packages\django\template\loaders\base.py", line 29, in get_template
    return Template(
  File "C:\Users\werkc\.virtualenvs\easyconnect-JWSqFyg0\lib\site-packages\django\template\base.py", line 155, in __init__
    self.nodelist = self.compile_nodelist()
  File "C:\Users\werkc\.virtualenvs\easyconnect-JWSqFyg0\lib\site-packages\django\template\base.py", line 193, in compile_nodelist
    return parser.parse()
  File "C:\Users\werkc\.virtualenvs\easyconnect-JWSqFyg0\lib\site-packages\django\template\base.py", line 478, in parse
    raise self.error(token, e)
  File "C:\Users\werkc\.virtualenvs\easyconnect-JWSqFyg0\lib\site-packages\django\template\base.py", line 476, in parse
    compiled_result = compile_func(self, token)
  File "C:\Users\werkc\.virtualenvs\easyconnect-JWSqFyg0\lib\site-packages\django\template\loader_tags.py", line 270, in do_extends
    nodelist = parser.parse()
  File "C:\Users\werkc\.virtualenvs\easyconnect-JWSqFyg0\lib\site-packages\django\template\base.py", line 478, in parse
    raise self.error(token, e)
  File "C:\Users\werkc\.virtualenvs\easyconnect-JWSqFyg0\lib\site-packages\django\template\base.py", line 476, in parse
    compiled_result = compile_func(self, token)
  File "C:\Users\werkc\.virtualenvs\easyconnect-JWSqFyg0\lib\site-packages\django\template\loader_tags.py", line 213, in do_block
    nodelist = parser.parse(('endblock',))
  File "C:\Users\werkc\.virtualenvs\easyconnect-JWSqFyg0\lib\site-packages\django\template\base.py", line 478, in parse
    raise self.error(token, e)
  File "C:\Users\werkc\.virtualenvs\easyconnect-JWSqFyg0\lib\site-packages\django\template\base.py", line 476, in parse
    compiled_result = compile_func(self, token)
  File "C:\Users\werkc\.virtualenvs\easyconnect-JWSqFyg0\lib\site-packages\django\template\defaulttags.py", line 979, in do_if
    nodelist = parser.parse(('endif',))
  File "C:\Users\werkc\.virtualenvs\easyconnect-JWSqFyg0\lib\site-packages\django\template\base.py", line 472, in parse
    self.invalid_block_tag(token, command, parse_until)
  File "C:\Users\werkc\.virtualenvs\easyconnect-JWSqFyg0\lib\site-packages\django\template\base.py", line 522, in invalid_block_tag
    raise self.error(
django.template.exceptions.TemplateSyntaxError: Invalid block tag on line 82: 'end', expected 'endif'. Did you forget to register or load this tag?
[ERROR] 2021-12-10 00:04:17,642 django.request: Internal Server Error: /profile
Traceback (most recent call last):
  File "C:\Users\werkc\.virtualenvs\easyconnect-JWSqFyg0\lib\site-packages\django\template\base.py", line 470, in parse
    compile_func = self.tags[command]
KeyError: 'end'

During handling of the above exception, another exception occurred:

Traceback (most recent call last):
  File "C:\Users\werkc\.virtualenvs\easyconnect-JWSqFyg0\lib\site-packages\asgiref\sync.py", line 482, in thread_handler
    raise exc_info[1]
  File "C:\Users\werkc\.virtualenvs\easyconnect-JWSqFyg0\lib\site-packages\django\core\handlers\exception.py", line 38, in inner
    response = await get_response(request)
  File "C:\Users\werkc\.virtualenvs\easyconnect-JWSqFyg0\lib\site-packages\django\core\handlers\base.py", line 233, in _get_response_async
    response = await wrapped_callback(request, *callback_args, **callback_kwargs)
  File "C:\Users\werkc\.virtualenvs\easyconnect-JWSqFyg0\lib\site-packages\asgiref\sync.py", line 444, in __call__
    ret = await asyncio.wait_for(future, timeout=None)
  File "c:\users\werkc\appdata\local\programs\python\python39\lib\asyncio\tasks.py", line 440, in wait_for
    return await fut
  File "C:\Users\werkc\.virtualenvs\easyconnect-JWSqFyg0\lib\site-packages\asgiref\current_thread_executor.py", line 22, in run
    result = self.fn(*self.args, **self.kwargs)
  File "C:\Users\werkc\.virtualenvs\easyconnect-JWSqFyg0\lib\site-packages\asgiref\sync.py", line 486, in thread_handler
    return func(*args, **kwargs)
  File "C:\Users\werkc\Desktop\EasyConnect\EasyConnect\views.py", line 10, in ProfileView
    return render(request, 'profile.html', context)
  File "C:\Users\werkc\.virtualenvs\easyconnect-JWSqFyg0\lib\site-packages\django\shortcuts.py", line 19, in render
    content = loader.render_to_string(template_name, context, request, using=using)
  File "C:\Users\werkc\.virtualenvs\easyconnect-JWSqFyg0\lib\site-packages\django\template\loader.py", line 61, in render_to_string
    template = get_template(template_name, using=using)
  File "C:\Users\werkc\.virtualenvs\easyconnect-JWSqFyg0\lib\site-packages\django\template\loader.py", line 15, in get_template
    return engine.get_template(template_name)
  File "C:\Users\werkc\.virtualenvs\easyconnect-JWSqFyg0\lib\site-packages\django\template\backends\django.py", line 34, in get_template
    return Template(self.engine.get_template(template_name), self)
  File "C:\Users\werkc\.virtualenvs\easyconnect-JWSqFyg0\lib\site-packages\django\template\engine.py", line 143, in get_template
    template, origin = self.find_template(template_name)
  File "C:\Users\werkc\.virtualenvs\easyconnect-JWSqFyg0\lib\site-packages\django\template\engine.py", line 125, in find_template
    template = loader.get_template(name, skip=skip)
  File "C:\Users\werkc\.virtualenvs\easyconnect-JWSqFyg0\lib\site-packages\django\template\loaders\base.py", line 29, in get_template
    return Template(
  File "C:\Users\werkc\.virtualenvs\easyconnect-JWSqFyg0\lib\site-packages\django\template\base.py", line 155, in __init__
    self.nodelist = self.compile_nodelist()
  File "C:\Users\werkc\.virtualenvs\easyconnect-JWSqFyg0\lib\site-packages\django\template\base.py", line 193, in compile_nodelist
    return parser.parse()
  File "C:\Users\werkc\.virtualenvs\easyconnect-JWSqFyg0\lib\site-packages\django\template\base.py", line 478, in parse
    raise self.error(token, e)
  File "C:\Users\werkc\.virtualenvs\easyconnect-JWSqFyg0\lib\site-packages\django\template\base.py", line 476, in parse
    compiled_result = compile_func(self, token)
  File "C:\Users\werkc\.virtualenvs\easyconnect-JWSqFyg0\lib\site-packages\django\template\loader_tags.py", line 270, in do_extends
    nodelist = parser.parse()
  File "C:\Users\werkc\.virtualenvs\easyconnect-JWSqFyg0\lib\site-packages\django\template\base.py", line 478, in parse
    raise self.error(token, e)
  File "C:\Users\werkc\.virtualenvs\easyconnect-JWSqFyg0\lib\site-packages\django\template\base.py", line 476, in parse
    compiled_result = compile_func(self, token)
  File "C:\Users\werkc\.virtualenvs\easyconnect-JWSqFyg0\lib\site-packages\django\template\loader_tags.py", line 213, in do_block
    nodelist = parser.parse(('endblock',))
  File "C:\Users\werkc\.virtualenvs\easyconnect-JWSqFyg0\lib\site-packages\django\template\base.py", line 478, in parse
    raise self.error(token, e)
  File "C:\Users\werkc\.virtualenvs\easyconnect-JWSqFyg0\lib\site-packages\django\template\base.py", line 476, in parse
    compiled_result = compile_func(self, token)
  File "C:\Users\werkc\.virtualenvs\easyconnect-JWSqFyg0\lib\site-packages\django\template\defaulttags.py", line 979, in do_if
    nodelist = parser.parse(('endif',))
  File "C:\Users\werkc\.virtualenvs\easyconnect-JWSqFyg0\lib\site-packages\django\template\base.py", line 472, in parse
    self.invalid_block_tag(token, command, parse_until)
  File "C:\Users\werkc\.virtualenvs\easyconnect-JWSqFyg0\lib\site-packages\django\template\base.py", line 522, in invalid_block_tag
    raise self.error(
django.template.exceptions.TemplateSyntaxError: Invalid block tag on line 82: 'end', expected 'endif'. Did you forget to register or load this tag?
[ERROR] 2021-12-10 00:04:21,680 django.request: Internal Server Error: /profile
Traceback (most recent call last):
  File "C:\Users\werkc\.virtualenvs\easyconnect-JWSqFyg0\lib\site-packages\django\template\base.py", line 470, in parse
    compile_func = self.tags[command]
KeyError: 'end'

During handling of the above exception, another exception occurred:

Traceback (most recent call last):
  File "C:\Users\werkc\.virtualenvs\easyconnect-JWSqFyg0\lib\site-packages\asgiref\sync.py", line 482, in thread_handler
    raise exc_info[1]
  File "C:\Users\werkc\.virtualenvs\easyconnect-JWSqFyg0\lib\site-packages\django\core\handlers\exception.py", line 38, in inner
    response = await get_response(request)
  File "C:\Users\werkc\.virtualenvs\easyconnect-JWSqFyg0\lib\site-packages\django\core\handlers\base.py", line 233, in _get_response_async
    response = await wrapped_callback(request, *callback_args, **callback_kwargs)
  File "C:\Users\werkc\.virtualenvs\easyconnect-JWSqFyg0\lib\site-packages\asgiref\sync.py", line 444, in __call__
    ret = await asyncio.wait_for(future, timeout=None)
  File "c:\users\werkc\appdata\local\programs\python\python39\lib\asyncio\tasks.py", line 440, in wait_for
    return await fut
  File "C:\Users\werkc\.virtualenvs\easyconnect-JWSqFyg0\lib\site-packages\asgiref\current_thread_executor.py", line 22, in run
    result = self.fn(*self.args, **self.kwargs)
  File "C:\Users\werkc\.virtualenvs\easyconnect-JWSqFyg0\lib\site-packages\asgiref\sync.py", line 486, in thread_handler
    return func(*args, **kwargs)
  File "C:\Users\werkc\Desktop\EasyConnect\EasyConnect\views.py", line 10, in ProfileView
    return render(request, 'profile.html', context)
  File "C:\Users\werkc\.virtualenvs\easyconnect-JWSqFyg0\lib\site-packages\django\shortcuts.py", line 19, in render
    content = loader.render_to_string(template_name, context, request, using=using)
  File "C:\Users\werkc\.virtualenvs\easyconnect-JWSqFyg0\lib\site-packages\django\template\loader.py", line 61, in render_to_string
    template = get_template(template_name, using=using)
  File "C:\Users\werkc\.virtualenvs\easyconnect-JWSqFyg0\lib\site-packages\django\template\loader.py", line 15, in get_template
    return engine.get_template(template_name)
  File "C:\Users\werkc\.virtualenvs\easyconnect-JWSqFyg0\lib\site-packages\django\template\backends\django.py", line 34, in get_template
    return Template(self.engine.get_template(template_name), self)
  File "C:\Users\werkc\.virtualenvs\easyconnect-JWSqFyg0\lib\site-packages\django\template\engine.py", line 143, in get_template
    template, origin = self.find_template(template_name)
  File "C:\Users\werkc\.virtualenvs\easyconnect-JWSqFyg0\lib\site-packages\django\template\engine.py", line 125, in find_template
    template = loader.get_template(name, skip=skip)
  File "C:\Users\werkc\.virtualenvs\easyconnect-JWSqFyg0\lib\site-packages\django\template\loaders\base.py", line 29, in get_template
    return Template(
  File "C:\Users\werkc\.virtualenvs\easyconnect-JWSqFyg0\lib\site-packages\django\template\base.py", line 155, in __init__
    self.nodelist = self.compile_nodelist()
  File "C:\Users\werkc\.virtualenvs\easyconnect-JWSqFyg0\lib\site-packages\django\template\base.py", line 193, in compile_nodelist
    return parser.parse()
  File "C:\Users\werkc\.virtualenvs\easyconnect-JWSqFyg0\lib\site-packages\django\template\base.py", line 478, in parse
    raise self.error(token, e)
  File "C:\Users\werkc\.virtualenvs\easyconnect-JWSqFyg0\lib\site-packages\django\template\base.py", line 476, in parse
    compiled_result = compile_func(self, token)
  File "C:\Users\werkc\.virtualenvs\easyconnect-JWSqFyg0\lib\site-packages\django\template\loader_tags.py", line 270, in do_extends
    nodelist = parser.parse()
  File "C:\Users\werkc\.virtualenvs\easyconnect-JWSqFyg0\lib\site-packages\django\template\base.py", line 478, in parse
    raise self.error(token, e)
  File "C:\Users\werkc\.virtualenvs\easyconnect-JWSqFyg0\lib\site-packages\django\template\base.py", line 476, in parse
    compiled_result = compile_func(self, token)
  File "C:\Users\werkc\.virtualenvs\easyconnect-JWSqFyg0\lib\site-packages\django\template\loader_tags.py", line 213, in do_block
    nodelist = parser.parse(('endblock',))
  File "C:\Users\werkc\.virtualenvs\easyconnect-JWSqFyg0\lib\site-packages\django\template\base.py", line 478, in parse
    raise self.error(token, e)
  File "C:\Users\werkc\.virtualenvs\easyconnect-JWSqFyg0\lib\site-packages\django\template\base.py", line 476, in parse
    compiled_result = compile_func(self, token)
  File "C:\Users\werkc\.virtualenvs\easyconnect-JWSqFyg0\lib\site-packages\django\template\defaulttags.py", line 979, in do_if
    nodelist = parser.parse(('endif',))
  File "C:\Users\werkc\.virtualenvs\easyconnect-JWSqFyg0\lib\site-packages\django\template\base.py", line 472, in parse
    self.invalid_block_tag(token, command, parse_until)
  File "C:\Users\werkc\.virtualenvs\easyconnect-JWSqFyg0\lib\site-packages\django\template\base.py", line 522, in invalid_block_tag
    raise self.error(
django.template.exceptions.TemplateSyntaxError: Invalid block tag on line 82: 'end', expected 'endif'. Did you forget to register or load this tag?
[ERROR] 2021-12-10 00:04:38,389 django.request: Internal Server Error: /profile
Traceback (most recent call last):
  File "C:\Users\werkc\.virtualenvs\easyconnect-JWSqFyg0\lib\site-packages\django\template\base.py", line 470, in parse
    compile_func = self.tags[command]
KeyError: 'end'

During handling of the above exception, another exception occurred:

Traceback (most recent call last):
  File "C:\Users\werkc\.virtualenvs\easyconnect-JWSqFyg0\lib\site-packages\asgiref\sync.py", line 482, in thread_handler
    raise exc_info[1]
  File "C:\Users\werkc\.virtualenvs\easyconnect-JWSqFyg0\lib\site-packages\django\core\handlers\exception.py", line 38, in inner
    response = await get_response(request)
  File "C:\Users\werkc\.virtualenvs\easyconnect-JWSqFyg0\lib\site-packages\django\core\handlers\base.py", line 233, in _get_response_async
    response = await wrapped_callback(request, *callback_args, **callback_kwargs)
  File "C:\Users\werkc\.virtualenvs\easyconnect-JWSqFyg0\lib\site-packages\asgiref\sync.py", line 444, in __call__
    ret = await asyncio.wait_for(future, timeout=None)
  File "c:\users\werkc\appdata\local\programs\python\python39\lib\asyncio\tasks.py", line 440, in wait_for
    return await fut
  File "C:\Users\werkc\.virtualenvs\easyconnect-JWSqFyg0\lib\site-packages\asgiref\current_thread_executor.py", line 22, in run
    result = self.fn(*self.args, **self.kwargs)
  File "C:\Users\werkc\.virtualenvs\easyconnect-JWSqFyg0\lib\site-packages\asgiref\sync.py", line 486, in thread_handler
    return func(*args, **kwargs)
  File "C:\Users\werkc\Desktop\EasyConnect\EasyConnect\views.py", line 10, in ProfileView
    return render(request, 'profile.html', context)
  File "C:\Users\werkc\.virtualenvs\easyconnect-JWSqFyg0\lib\site-packages\django\shortcuts.py", line 19, in render
    content = loader.render_to_string(template_name, context, request, using=using)
  File "C:\Users\werkc\.virtualenvs\easyconnect-JWSqFyg0\lib\site-packages\django\template\loader.py", line 61, in render_to_string
    template = get_template(template_name, using=using)
  File "C:\Users\werkc\.virtualenvs\easyconnect-JWSqFyg0\lib\site-packages\django\template\loader.py", line 15, in get_template
    return engine.get_template(template_name)
  File "C:\Users\werkc\.virtualenvs\easyconnect-JWSqFyg0\lib\site-packages\django\template\backends\django.py", line 34, in get_template
    return Template(self.engine.get_template(template_name), self)
  File "C:\Users\werkc\.virtualenvs\easyconnect-JWSqFyg0\lib\site-packages\django\template\engine.py", line 143, in get_template
    template, origin = self.find_template(template_name)
  File "C:\Users\werkc\.virtualenvs\easyconnect-JWSqFyg0\lib\site-packages\django\template\engine.py", line 125, in find_template
    template = loader.get_template(name, skip=skip)
  File "C:\Users\werkc\.virtualenvs\easyconnect-JWSqFyg0\lib\site-packages\django\template\loaders\base.py", line 29, in get_template
    return Template(
  File "C:\Users\werkc\.virtualenvs\easyconnect-JWSqFyg0\lib\site-packages\django\template\base.py", line 155, in __init__
    self.nodelist = self.compile_nodelist()
  File "C:\Users\werkc\.virtualenvs\easyconnect-JWSqFyg0\lib\site-packages\django\template\base.py", line 193, in compile_nodelist
    return parser.parse()
  File "C:\Users\werkc\.virtualenvs\easyconnect-JWSqFyg0\lib\site-packages\django\template\base.py", line 478, in parse
    raise self.error(token, e)
  File "C:\Users\werkc\.virtualenvs\easyconnect-JWSqFyg0\lib\site-packages\django\template\base.py", line 476, in parse
    compiled_result = compile_func(self, token)
  File "C:\Users\werkc\.virtualenvs\easyconnect-JWSqFyg0\lib\site-packages\django\template\loader_tags.py", line 270, in do_extends
    nodelist = parser.parse()
  File "C:\Users\werkc\.virtualenvs\easyconnect-JWSqFyg0\lib\site-packages\django\template\base.py", line 478, in parse
    raise self.error(token, e)
  File "C:\Users\werkc\.virtualenvs\easyconnect-JWSqFyg0\lib\site-packages\django\template\base.py", line 476, in parse
    compiled_result = compile_func(self, token)
  File "C:\Users\werkc\.virtualenvs\easyconnect-JWSqFyg0\lib\site-packages\django\template\loader_tags.py", line 213, in do_block
    nodelist = parser.parse(('endblock',))
  File "C:\Users\werkc\.virtualenvs\easyconnect-JWSqFyg0\lib\site-packages\django\template\base.py", line 478, in parse
    raise self.error(token, e)
  File "C:\Users\werkc\.virtualenvs\easyconnect-JWSqFyg0\lib\site-packages\django\template\base.py", line 476, in parse
    compiled_result = compile_func(self, token)
  File "C:\Users\werkc\.virtualenvs\easyconnect-JWSqFyg0\lib\site-packages\django\template\defaulttags.py", line 979, in do_if
    nodelist = parser.parse(('endif',))
  File "C:\Users\werkc\.virtualenvs\easyconnect-JWSqFyg0\lib\site-packages\django\template\base.py", line 472, in parse
    self.invalid_block_tag(token, command, parse_until)
  File "C:\Users\werkc\.virtualenvs\easyconnect-JWSqFyg0\lib\site-packages\django\template\base.py", line 522, in invalid_block_tag
    raise self.error(
django.template.exceptions.TemplateSyntaxError: Invalid block tag on line 82: 'end', expected 'endif'. Did you forget to register or load this tag?
[ERROR] 2021-12-10 00:04:48,872 django.request: Internal Server Error: /profile
Traceback (most recent call last):
  File "C:\Users\werkc\.virtualenvs\easyconnect-JWSqFyg0\lib\site-packages\django\template\base.py", line 470, in parse
    compile_func = self.tags[command]
KeyError: 'end'

During handling of the above exception, another exception occurred:

Traceback (most recent call last):
  File "C:\Users\werkc\.virtualenvs\easyconnect-JWSqFyg0\lib\site-packages\asgiref\sync.py", line 482, in thread_handler
    raise exc_info[1]
  File "C:\Users\werkc\.virtualenvs\easyconnect-JWSqFyg0\lib\site-packages\django\core\handlers\exception.py", line 38, in inner
    response = await get_response(request)
  File "C:\Users\werkc\.virtualenvs\easyconnect-JWSqFyg0\lib\site-packages\django\core\handlers\base.py", line 233, in _get_response_async
    response = await wrapped_callback(request, *callback_args, **callback_kwargs)
  File "C:\Users\werkc\.virtualenvs\easyconnect-JWSqFyg0\lib\site-packages\asgiref\sync.py", line 444, in __call__
    ret = await asyncio.wait_for(future, timeout=None)
  File "c:\users\werkc\appdata\local\programs\python\python39\lib\asyncio\tasks.py", line 440, in wait_for
    return await fut
  File "C:\Users\werkc\.virtualenvs\easyconnect-JWSqFyg0\lib\site-packages\asgiref\current_thread_executor.py", line 22, in run
    result = self.fn(*self.args, **self.kwargs)
  File "C:\Users\werkc\.virtualenvs\easyconnect-JWSqFyg0\lib\site-packages\asgiref\sync.py", line 486, in thread_handler
    return func(*args, **kwargs)
  File "C:\Users\werkc\Desktop\EasyConnect\EasyConnect\views.py", line 10, in ProfileView
    return render(request, 'profile.html', context)
  File "C:\Users\werkc\.virtualenvs\easyconnect-JWSqFyg0\lib\site-packages\django\shortcuts.py", line 19, in render
    content = loader.render_to_string(template_name, context, request, using=using)
  File "C:\Users\werkc\.virtualenvs\easyconnect-JWSqFyg0\lib\site-packages\django\template\loader.py", line 61, in render_to_string
    template = get_template(template_name, using=using)
  File "C:\Users\werkc\.virtualenvs\easyconnect-JWSqFyg0\lib\site-packages\django\template\loader.py", line 15, in get_template
    return engine.get_template(template_name)
  File "C:\Users\werkc\.virtualenvs\easyconnect-JWSqFyg0\lib\site-packages\django\template\backends\django.py", line 34, in get_template
    return Template(self.engine.get_template(template_name), self)
  File "C:\Users\werkc\.virtualenvs\easyconnect-JWSqFyg0\lib\site-packages\django\template\engine.py", line 143, in get_template
    template, origin = self.find_template(template_name)
  File "C:\Users\werkc\.virtualenvs\easyconnect-JWSqFyg0\lib\site-packages\django\template\engine.py", line 125, in find_template
    template = loader.get_template(name, skip=skip)
  File "C:\Users\werkc\.virtualenvs\easyconnect-JWSqFyg0\lib\site-packages\django\template\loaders\base.py", line 29, in get_template
    return Template(
  File "C:\Users\werkc\.virtualenvs\easyconnect-JWSqFyg0\lib\site-packages\django\template\base.py", line 155, in __init__
    self.nodelist = self.compile_nodelist()
  File "C:\Users\werkc\.virtualenvs\easyconnect-JWSqFyg0\lib\site-packages\django\template\base.py", line 193, in compile_nodelist
    return parser.parse()
  File "C:\Users\werkc\.virtualenvs\easyconnect-JWSqFyg0\lib\site-packages\django\template\base.py", line 478, in parse
    raise self.error(token, e)
  File "C:\Users\werkc\.virtualenvs\easyconnect-JWSqFyg0\lib\site-packages\django\template\base.py", line 476, in parse
    compiled_result = compile_func(self, token)
  File "C:\Users\werkc\.virtualenvs\easyconnect-JWSqFyg0\lib\site-packages\django\template\loader_tags.py", line 270, in do_extends
    nodelist = parser.parse()
  File "C:\Users\werkc\.virtualenvs\easyconnect-JWSqFyg0\lib\site-packages\django\template\base.py", line 478, in parse
    raise self.error(token, e)
  File "C:\Users\werkc\.virtualenvs\easyconnect-JWSqFyg0\lib\site-packages\django\template\base.py", line 476, in parse
    compiled_result = compile_func(self, token)
  File "C:\Users\werkc\.virtualenvs\easyconnect-JWSqFyg0\lib\site-packages\django\template\loader_tags.py", line 213, in do_block
    nodelist = parser.parse(('endblock',))
  File "C:\Users\werkc\.virtualenvs\easyconnect-JWSqFyg0\lib\site-packages\django\template\base.py", line 478, in parse
    raise self.error(token, e)
  File "C:\Users\werkc\.virtualenvs\easyconnect-JWSqFyg0\lib\site-packages\django\template\base.py", line 476, in parse
    compiled_result = compile_func(self, token)
  File "C:\Users\werkc\.virtualenvs\easyconnect-JWSqFyg0\lib\site-packages\django\template\defaulttags.py", line 979, in do_if
    nodelist = parser.parse(('endif',))
  File "C:\Users\werkc\.virtualenvs\easyconnect-JWSqFyg0\lib\site-packages\django\template\base.py", line 472, in parse
    self.invalid_block_tag(token, command, parse_until)
  File "C:\Users\werkc\.virtualenvs\easyconnect-JWSqFyg0\lib\site-packages\django\template\base.py", line 522, in invalid_block_tag
    raise self.error(
django.template.exceptions.TemplateSyntaxError: Invalid block tag on line 82: 'end', expected 'endif'. Did you forget to register or load this tag?
[ERROR] 2021-12-10 00:06:41,993 django.request: Internal Server Error: /profile
Traceback (most recent call last):
  File "C:\Users\werkc\.virtualenvs\easyconnect-JWSqFyg0\lib\site-packages\django\template\base.py", line 470, in parse
    compile_func = self.tags[command]
KeyError: 'end'

During handling of the above exception, another exception occurred:

Traceback (most recent call last):
  File "C:\Users\werkc\.virtualenvs\easyconnect-JWSqFyg0\lib\site-packages\asgiref\sync.py", line 482, in thread_handler
    raise exc_info[1]
  File "C:\Users\werkc\.virtualenvs\easyconnect-JWSqFyg0\lib\site-packages\django\core\handlers\exception.py", line 38, in inner
    response = await get_response(request)
  File "C:\Users\werkc\.virtualenvs\easyconnect-JWSqFyg0\lib\site-packages\django\core\handlers\base.py", line 233, in _get_response_async
    response = await wrapped_callback(request, *callback_args, **callback_kwargs)
  File "C:\Users\werkc\.virtualenvs\easyconnect-JWSqFyg0\lib\site-packages\asgiref\sync.py", line 444, in __call__
    ret = await asyncio.wait_for(future, timeout=None)
  File "c:\users\werkc\appdata\local\programs\python\python39\lib\asyncio\tasks.py", line 440, in wait_for
    return await fut
  File "C:\Users\werkc\.virtualenvs\easyconnect-JWSqFyg0\lib\site-packages\asgiref\current_thread_executor.py", line 22, in run
    result = self.fn(*self.args, **self.kwargs)
  File "C:\Users\werkc\.virtualenvs\easyconnect-JWSqFyg0\lib\site-packages\asgiref\sync.py", line 486, in thread_handler
    return func(*args, **kwargs)
  File "C:\Users\werkc\Desktop\EasyConnect\EasyConnect\views.py", line 10, in ProfileView
    return render(request, 'profile.html', context)
  File "C:\Users\werkc\.virtualenvs\easyconnect-JWSqFyg0\lib\site-packages\django\shortcuts.py", line 19, in render
    content = loader.render_to_string(template_name, context, request, using=using)
  File "C:\Users\werkc\.virtualenvs\easyconnect-JWSqFyg0\lib\site-packages\django\template\loader.py", line 61, in render_to_string
    template = get_template(template_name, using=using)
  File "C:\Users\werkc\.virtualenvs\easyconnect-JWSqFyg0\lib\site-packages\django\template\loader.py", line 15, in get_template
    return engine.get_template(template_name)
  File "C:\Users\werkc\.virtualenvs\easyconnect-JWSqFyg0\lib\site-packages\django\template\backends\django.py", line 34, in get_template
    return Template(self.engine.get_template(template_name), self)
  File "C:\Users\werkc\.virtualenvs\easyconnect-JWSqFyg0\lib\site-packages\django\template\engine.py", line 143, in get_template
    template, origin = self.find_template(template_name)
  File "C:\Users\werkc\.virtualenvs\easyconnect-JWSqFyg0\lib\site-packages\django\template\engine.py", line 125, in find_template
    template = loader.get_template(name, skip=skip)
  File "C:\Users\werkc\.virtualenvs\easyconnect-JWSqFyg0\lib\site-packages\django\template\loaders\base.py", line 29, in get_template
    return Template(
  File "C:\Users\werkc\.virtualenvs\easyconnect-JWSqFyg0\lib\site-packages\django\template\base.py", line 155, in __init__
    self.nodelist = self.compile_nodelist()
  File "C:\Users\werkc\.virtualenvs\easyconnect-JWSqFyg0\lib\site-packages\django\template\base.py", line 193, in compile_nodelist
    return parser.parse()
  File "C:\Users\werkc\.virtualenvs\easyconnect-JWSqFyg0\lib\site-packages\django\template\base.py", line 478, in parse
    raise self.error(token, e)
  File "C:\Users\werkc\.virtualenvs\easyconnect-JWSqFyg0\lib\site-packages\django\template\base.py", line 476, in parse
    compiled_result = compile_func(self, token)
  File "C:\Users\werkc\.virtualenvs\easyconnect-JWSqFyg0\lib\site-packages\django\template\loader_tags.py", line 270, in do_extends
    nodelist = parser.parse()
  File "C:\Users\werkc\.virtualenvs\easyconnect-JWSqFyg0\lib\site-packages\django\template\base.py", line 478, in parse
    raise self.error(token, e)
  File "C:\Users\werkc\.virtualenvs\easyconnect-JWSqFyg0\lib\site-packages\django\template\base.py", line 476, in parse
    compiled_result = compile_func(self, token)
  File "C:\Users\werkc\.virtualenvs\easyconnect-JWSqFyg0\lib\site-packages\django\template\loader_tags.py", line 213, in do_block
    nodelist = parser.parse(('endblock',))
  File "C:\Users\werkc\.virtualenvs\easyconnect-JWSqFyg0\lib\site-packages\django\template\base.py", line 478, in parse
    raise self.error(token, e)
  File "C:\Users\werkc\.virtualenvs\easyconnect-JWSqFyg0\lib\site-packages\django\template\base.py", line 476, in parse
    compiled_result = compile_func(self, token)
  File "C:\Users\werkc\.virtualenvs\easyconnect-JWSqFyg0\lib\site-packages\django\template\defaulttags.py", line 979, in do_if
    nodelist = parser.parse(('endif',))
  File "C:\Users\werkc\.virtualenvs\easyconnect-JWSqFyg0\lib\site-packages\django\template\base.py", line 472, in parse
    self.invalid_block_tag(token, command, parse_until)
  File "C:\Users\werkc\.virtualenvs\easyconnect-JWSqFyg0\lib\site-packages\django\template\base.py", line 522, in invalid_block_tag
    raise self.error(
django.template.exceptions.TemplateSyntaxError: Invalid block tag on line 82: 'end', expected 'endif'. Did you forget to register or load this tag?
[DEBUG] 2021-12-10 00:06:48,986 django.request: Asynchronous middleware whitenoise.middleware.WhiteNoiseMiddleware adapted.
[ERROR] 2021-12-10 00:06:55,145 django.request: Internal Server Error: /profile
Traceback (most recent call last):
  File "C:\Users\werkc\.virtualenvs\easyconnect-JWSqFyg0\lib\site-packages\django\template\base.py", line 470, in parse
    compile_func = self.tags[command]
KeyError: 'end'

During handling of the above exception, another exception occurred:

Traceback (most recent call last):
  File "C:\Users\werkc\.virtualenvs\easyconnect-JWSqFyg0\lib\site-packages\asgiref\sync.py", line 482, in thread_handler
    raise exc_info[1]
  File "C:\Users\werkc\.virtualenvs\easyconnect-JWSqFyg0\lib\site-packages\django\core\handlers\exception.py", line 38, in inner
    response = await get_response(request)
  File "C:\Users\werkc\.virtualenvs\easyconnect-JWSqFyg0\lib\site-packages\django\core\handlers\base.py", line 233, in _get_response_async
    response = await wrapped_callback(request, *callback_args, **callback_kwargs)
  File "C:\Users\werkc\.virtualenvs\easyconnect-JWSqFyg0\lib\site-packages\asgiref\sync.py", line 444, in __call__
    ret = await asyncio.wait_for(future, timeout=None)
  File "c:\users\werkc\appdata\local\programs\python\python39\lib\asyncio\tasks.py", line 440, in wait_for
    return await fut
  File "C:\Users\werkc\.virtualenvs\easyconnect-JWSqFyg0\lib\site-packages\asgiref\current_thread_executor.py", line 22, in run
    result = self.fn(*self.args, **self.kwargs)
  File "C:\Users\werkc\.virtualenvs\easyconnect-JWSqFyg0\lib\site-packages\asgiref\sync.py", line 486, in thread_handler
    return func(*args, **kwargs)
  File "C:\Users\werkc\Desktop\EasyConnect\EasyConnect\views.py", line 10, in ProfileView
    return render(request, 'profile.html', context)
  File "C:\Users\werkc\.virtualenvs\easyconnect-JWSqFyg0\lib\site-packages\django\shortcuts.py", line 19, in render
    content = loader.render_to_string(template_name, context, request, using=using)
  File "C:\Users\werkc\.virtualenvs\easyconnect-JWSqFyg0\lib\site-packages\django\template\loader.py", line 61, in render_to_string
    template = get_template(template_name, using=using)
  File "C:\Users\werkc\.virtualenvs\easyconnect-JWSqFyg0\lib\site-packages\django\template\loader.py", line 15, in get_template
    return engine.get_template(template_name)
  File "C:\Users\werkc\.virtualenvs\easyconnect-JWSqFyg0\lib\site-packages\django\template\backends\django.py", line 34, in get_template
    return Template(self.engine.get_template(template_name), self)
  File "C:\Users\werkc\.virtualenvs\easyconnect-JWSqFyg0\lib\site-packages\django\template\engine.py", line 143, in get_template
    template, origin = self.find_template(template_name)
  File "C:\Users\werkc\.virtualenvs\easyconnect-JWSqFyg0\lib\site-packages\django\template\engine.py", line 125, in find_template
    template = loader.get_template(name, skip=skip)
  File "C:\Users\werkc\.virtualenvs\easyconnect-JWSqFyg0\lib\site-packages\django\template\loaders\base.py", line 29, in get_template
    return Template(
  File "C:\Users\werkc\.virtualenvs\easyconnect-JWSqFyg0\lib\site-packages\django\template\base.py", line 155, in __init__
    self.nodelist = self.compile_nodelist()
  File "C:\Users\werkc\.virtualenvs\easyconnect-JWSqFyg0\lib\site-packages\django\template\base.py", line 193, in compile_nodelist
    return parser.parse()
  File "C:\Users\werkc\.virtualenvs\easyconnect-JWSqFyg0\lib\site-packages\django\template\base.py", line 478, in parse
    raise self.error(token, e)
  File "C:\Users\werkc\.virtualenvs\easyconnect-JWSqFyg0\lib\site-packages\django\template\base.py", line 476, in parse
    compiled_result = compile_func(self, token)
  File "C:\Users\werkc\.virtualenvs\easyconnect-JWSqFyg0\lib\site-packages\django\template\loader_tags.py", line 270, in do_extends
    nodelist = parser.parse()
  File "C:\Users\werkc\.virtualenvs\easyconnect-JWSqFyg0\lib\site-packages\django\template\base.py", line 478, in parse
    raise self.error(token, e)
  File "C:\Users\werkc\.virtualenvs\easyconnect-JWSqFyg0\lib\site-packages\django\template\base.py", line 476, in parse
    compiled_result = compile_func(self, token)
  File "C:\Users\werkc\.virtualenvs\easyconnect-JWSqFyg0\lib\site-packages\django\template\loader_tags.py", line 213, in do_block
    nodelist = parser.parse(('endblock',))
  File "C:\Users\werkc\.virtualenvs\easyconnect-JWSqFyg0\lib\site-packages\django\template\base.py", line 478, in parse
    raise self.error(token, e)
  File "C:\Users\werkc\.virtualenvs\easyconnect-JWSqFyg0\lib\site-packages\django\template\base.py", line 476, in parse
    compiled_result = compile_func(self, token)
  File "C:\Users\werkc\.virtualenvs\easyconnect-JWSqFyg0\lib\site-packages\django\template\defaulttags.py", line 979, in do_if
    nodelist = parser.parse(('endif',))
  File "C:\Users\werkc\.virtualenvs\easyconnect-JWSqFyg0\lib\site-packages\django\template\base.py", line 472, in parse
    self.invalid_block_tag(token, command, parse_until)
  File "C:\Users\werkc\.virtualenvs\easyconnect-JWSqFyg0\lib\site-packages\django\template\base.py", line 522, in invalid_block_tag
    raise self.error(
django.template.exceptions.TemplateSyntaxError: Invalid block tag on line 82: 'end', expected 'endif'. Did you forget to register or load this tag?
[ERROR] 2021-12-10 00:15:23,339 django.request: Internal Server Error: /profile
Traceback (most recent call last):
  File "C:\Users\werkc\.virtualenvs\easyconnect-JWSqFyg0\lib\site-packages\asgiref\sync.py", line 482, in thread_handler
    raise exc_info[1]
  File "C:\Users\werkc\.virtualenvs\easyconnect-JWSqFyg0\lib\site-packages\django\core\handlers\exception.py", line 38, in inner
    response = await get_response(request)
  File "C:\Users\werkc\.virtualenvs\easyconnect-JWSqFyg0\lib\site-packages\django\core\handlers\base.py", line 233, in _get_response_async
    response = await wrapped_callback(request, *callback_args, **callback_kwargs)
  File "C:\Users\werkc\.virtualenvs\easyconnect-JWSqFyg0\lib\site-packages\asgiref\sync.py", line 444, in __call__
    ret = await asyncio.wait_for(future, timeout=None)
  File "c:\users\werkc\appdata\local\programs\python\python39\lib\asyncio\tasks.py", line 440, in wait_for
    return await fut
  File "C:\Users\werkc\.virtualenvs\easyconnect-JWSqFyg0\lib\site-packages\asgiref\current_thread_executor.py", line 22, in run
    result = self.fn(*self.args, **self.kwargs)
  File "C:\Users\werkc\.virtualenvs\easyconnect-JWSqFyg0\lib\site-packages\asgiref\sync.py", line 486, in thread_handler
    return func(*args, **kwargs)
  File "C:\Users\werkc\Desktop\EasyConnect\EasyConnect\views.py", line 10, in ProfileView
    return render(request, 'profile.html', context)
  File "C:\Users\werkc\.virtualenvs\easyconnect-JWSqFyg0\lib\site-packages\django\shortcuts.py", line 19, in render
    content = loader.render_to_string(template_name, context, request, using=using)
  File "C:\Users\werkc\.virtualenvs\easyconnect-JWSqFyg0\lib\site-packages\django\template\loader.py", line 61, in render_to_string
    template = get_template(template_name, using=using)
  File "C:\Users\werkc\.virtualenvs\easyconnect-JWSqFyg0\lib\site-packages\django\template\loader.py", line 15, in get_template
    return engine.get_template(template_name)
  File "C:\Users\werkc\.virtualenvs\easyconnect-JWSqFyg0\lib\site-packages\django\template\backends\django.py", line 34, in get_template
    return Template(self.engine.get_template(template_name), self)
  File "C:\Users\werkc\.virtualenvs\easyconnect-JWSqFyg0\lib\site-packages\django\template\engine.py", line 143, in get_template
    template, origin = self.find_template(template_name)
  File "C:\Users\werkc\.virtualenvs\easyconnect-JWSqFyg0\lib\site-packages\django\template\engine.py", line 125, in find_template
    template = loader.get_template(name, skip=skip)
  File "C:\Users\werkc\.virtualenvs\easyconnect-JWSqFyg0\lib\site-packages\django\template\loaders\base.py", line 29, in get_template
    return Template(
  File "C:\Users\werkc\.virtualenvs\easyconnect-JWSqFyg0\lib\site-packages\django\template\base.py", line 155, in __init__
    self.nodelist = self.compile_nodelist()
  File "C:\Users\werkc\.virtualenvs\easyconnect-JWSqFyg0\lib\site-packages\django\template\base.py", line 193, in compile_nodelist
    return parser.parse()
  File "C:\Users\werkc\.virtualenvs\easyconnect-JWSqFyg0\lib\site-packages\django\template\base.py", line 478, in parse
    raise self.error(token, e)
  File "C:\Users\werkc\.virtualenvs\easyconnect-JWSqFyg0\lib\site-packages\django\template\base.py", line 476, in parse
    compiled_result = compile_func(self, token)
  File "C:\Users\werkc\.virtualenvs\easyconnect-JWSqFyg0\lib\site-packages\django\template\loader_tags.py", line 270, in do_extends
    nodelist = parser.parse()
  File "C:\Users\werkc\.virtualenvs\easyconnect-JWSqFyg0\lib\site-packages\django\template\base.py", line 478, in parse
    raise self.error(token, e)
  File "C:\Users\werkc\.virtualenvs\easyconnect-JWSqFyg0\lib\site-packages\django\template\base.py", line 476, in parse
    compiled_result = compile_func(self, token)
  File "C:\Users\werkc\.virtualenvs\easyconnect-JWSqFyg0\lib\site-packages\django\template\loader_tags.py", line 213, in do_block
    nodelist = parser.parse(('endblock',))
  File "C:\Users\werkc\.virtualenvs\easyconnect-JWSqFyg0\lib\site-packages\django\template\base.py", line 478, in parse
    raise self.error(token, e)
  File "C:\Users\werkc\.virtualenvs\easyconnect-JWSqFyg0\lib\site-packages\django\template\base.py", line 476, in parse
    compiled_result = compile_func(self, token)
  File "C:\Users\werkc\.virtualenvs\easyconnect-JWSqFyg0\lib\site-packages\django\template\defaulttags.py", line 979, in do_if
    nodelist = parser.parse(('endif',))
  File "C:\Users\werkc\.virtualenvs\easyconnect-JWSqFyg0\lib\site-packages\django\template\base.py", line 449, in parse
    raise self.error(token, e)
  File "C:\Users\werkc\.virtualenvs\easyconnect-JWSqFyg0\lib\site-packages\django\template\base.py", line 447, in parse
    filter_expression = self.compile_filter(token.contents)
  File "C:\Users\werkc\.virtualenvs\easyconnect-JWSqFyg0\lib\site-packages\django\template\base.py", line 563, in compile_filter
    return FilterExpression(token, self)
  File "C:\Users\werkc\.virtualenvs\easyconnect-JWSqFyg0\lib\site-packages\django\template\base.py", line 662, in __init__
    raise TemplateSyntaxError("Could not parse the remainder: '%s' "
django.template.exceptions.TemplateSyntaxError: Could not parse the remainder: ' user.is_superuser' from 'if user.is_superuser'
[DEBUG] 2021-12-10 00:33:48,458 django.request: Asynchronous middleware whitenoise.middleware.WhiteNoiseMiddleware adapted.
